Script started at Lun 23 sep 2024 08:48:59 -05
Script ended at Lun 23 sep 2024 08:51:48 -05
Script started at Mon Sep 23 09:10:00 -05 2024
Script failed at Mon Sep 23 09:19:52 -05 2024
Script ended at Mon Sep 23 09:19:52 -05 2024
Script started at Wed Sep 25 09:10:00 -05 2024
Script failed at Wed Sep 25 09:14:47 -05 2024
Script ended at Wed Sep 25 09:14:47 -05 2024
Script started at Thu Sep 26 09:10:01 -05 2024
Script failed at Thu Sep 26 09:14:27 -05 2024
Script ended at Thu Sep 26 09:14:27 -05 2024
Script started at Fri Sep 27 09:10:00 -05 2024
Script failed at Fri Sep 27 09:14:34 -05 2024
Script ended at Fri Sep 27 09:14:34 -05 2024
Script started at Sat Sep 28 09:10:00 -05 2024
Script failed at Sat Sep 28 09:10:09 -05 2024
Script ended at Sat Sep 28 09:10:09 -05 2024
Script started at Sun Sep 29 09:10:00 -05 2024
Script failed at Sun Sep 29 09:15:03 -05 2024
Script ended at Sun Sep 29 09:15:03 -05 2024
Script started at Sun Sep 29 12:50:00 -05 2024
Script failed at Sun Sep 29 12:55:27 -05 2024
Script ended at Sun Sep 29 12:55:27 -05 2024
Script started at Dim 29 sep 2024 13:06:56 -05
Script ended at Dim 29 sep 2024 13:10:58 -05
Script started at Sun Sep 29 13:15:00 -05 2024
Script failed at Sun Sep 29 13:19:57 -05 2024
Script ended at Sun Sep 29 13:19:57 -05 2024
